00:47:01 **** Build of configuration Debug for project Blinking-LED ****
make all 
Building file: ../Sources/main.c
Invoking: Cross ARM C Compiler
arm-none-eabi-gcc -mcpu=cortex-m4 -mthumb -mfloat-abi=hard -mfpu=fpv4-sp-d16 -O0 -fmessage-length=0 -fsigned-char -ffunction-sections -fdata-sections  -g3 -I"../Sources" -I"../Includes" -std=c99 -MMD -MP -MF"Sources/main.d" -MT"Sources/main.o" -c -o "Sources/main.o" "../Sources/main.c"
Finished building: ../Sources/main.c
 
Building file: ../Project_Settings/Startup_Code/startup_MK64F12.S
Invoking: Cross ARM GNU Assembler
arm-none-eabi-gcc -mcpu=cortex-m4 -mthumb -mfloat-abi=hard -mfpu=fpv4-sp-d16 -O0 -fmessage-length=0 -fsigned-char -ffunction-sections -fdata-sections  -g3 -x assembler-with-cpp -MMD -MP -MF"Project_Settings/Startup_Code/startup_MK64F12.d" -MT"Project_Settings/Startup_Code/startup_MK64F12.o" -c -o "Project_Settings/Startup_Code/startup_MK64F12.o" "../Project_Settings/Startup_Code/startup_MK64F12.S"
Finished building: ../Project_Settings/Startup_Code/startup_MK64F12.S
 
Building file: ../Project_Settings/Startup_Code/system_MK64F12.c
Invoking: Cross ARM C Compiler
arm-none-eabi-gcc -mcpu=cortex-m4 -mthumb -mfloat-abi=hard -mfpu=fpv4-sp-d16 -O0 -fmessage-length=0 -fsigned-char -ffunction-sections -fdata-sections  -g3 -I"../Sources" -I"../Includes" -std=c99 -MMD -MP -MF"Project_Settings/Startup_Code/system_MK64F12.d" -MT"Project_Settings/Startup_Code/system_MK64F12.o" -c -o "Project_Settings/Startup_Code/system_MK64F12.o" "../Project_Settings/Startup_Code/system_MK64F12.c"
Finished building: ../Project_Settings/Startup_Code/system_MK64F12.c
 
Building target: Blinking-LED.elf
Invoking: Cross ARM C++ Linker
arm-none-eabi-g++ -mcpu=cortex-m4 -mthumb -mfloat-abi=hard -mfpu=fpv4-sp-d16 -O0 -fmessage-length=0 -fsigned-char -ffunction-sections -fdata-sections  -g3 -T "MK64FN1M0xxx12_flash.ld" -Xlinker --gc-sections -L"F:/Personal-Projects/workspace.kds/Blinking-LED/Project_Settings/Linker_Files" -Wl,-Map,"Blinking-LED.map" -specs=nano.specs -specs=nosys.specs -o "Blinking-LED.elf"  ./Sources/main.o  ./Project_Settings/Startup_Code/startup_MK64F12.o ./Project_Settings/Startup_Code/system_MK64F12.o   
Finished building target: Blinking-LED.elf
 
00:57:22 **** Incremental Build of configuration Debug for project Blinking-LED ****
make all 
make: Nothing to be done for 'all'.
